#
# A fatal error has been detected by the Java Runtime Environment:
#
#  EXCEPTION_ACCESS_VIOLATION (0xc0000005) at pc=0x00007ff881f958e2, pid=21812, tid=18856
#
# JRE version: Java(TM) SE Runtime Environment (18.0.2.1+1) (build 18.0.2.1+1-1)
# Java VM: Java HotSpot(TM) 64-Bit Server VM (18.0.2.1+1-1, mixed mode, sharing, tiered, compressed oops, compressed class ptrs, g1 gc, windows-amd64)
# Problematic frame:
# C  [ntdll.dll+0x658e2]
#
# No core dump will be written. Minidumps are not enabled by default on client versions of Windows
#
# If you would like to submit a bug report, please visit:
#   https://bugreport.java.com/bugreport/crash.jsp
#

---------------  S U M M A R Y ------------

Command Line: --add-opens=java.base/java.util=ALL-UNNAMED --add-opens=java.base/java.lang=ALL-UNNAMED --add-opens=java.base/java.lang.invoke=ALL-UNNAMED --add-opens=java.base/java.util=ALL-UNNAMED --add-opens=java.prefs/java.util.prefs=ALL-UNNAMED --add-opens=java.prefs/java.util.prefs=ALL-UNNAMED --add-opens=java.base/java.nio.charset=ALL-UNNAMED --add-opens=java.base/java.net=ALL-UNNAMED --add-opens=java.base/java.util.concurrent.atomic=ALL-UNNAMED -Xmx1536M -Dfile.encoding=UTF-8 -Duser.country=ES -Duser.language=es -Duser.variant org.gradle.launcher.daemon.bootstrap.GradleDaemon 7.4.2

Host: Intel(R) Core(TM) i5-8265U CPU @ 1.60GHz, 8 cores, 7G,  Windows 10 , 64 bit Build 19041 (10.0.19041.5198)
Time: Wed Dec 18 11:47:25 2024 Hora estándar romance elapsed time: 44.257159 seconds (0d 0h 0m 44s)

---------------  T H R E A D  ---------------

Current thread (0x000001857ce22490):  JavaThread "C2 CompilerThread1" daemon [_thread_blocked, id=18856, stack(0x00000032f5600000,0x00000032f5700000)]

Stack: [0x00000032f5600000,0x00000032f5700000],  sp=0x00000032f56ff8a8,  free space=1022k
Native frames: (J=compiled Java code, j=interpreted, Vv=VM code, C=native code)
C  [ntdll.dll+0x658e2]


siginfo: EXCEPTION_ACCESS_VIOLATION (0xc0000005), writing address 0x00000032f43ffad0


Register to memory mapping:

RIP=0x00007ff881f958e2 ntdll.dll
RAX=0x00000032f56ff8d8 is pointing into the stack for thread: 0x000001857ce22490
RBX=0x00000032f43ffac0 is pointing into the stack for thread: 0x0000018571da4550
RCX=0x00000032f56ff8d0 is pointing into the stack for thread: 0x000001857ce22490
RDX=0x00000032f56ff8d0 is pointing into the stack for thread: 0x000001857ce22490
RSP=0x00000032f56ff8a8 is pointing into the stack for thread: 0x000001857ce22490
RBP=0x00000032f56ff900 is pointing into the stack for thread: 0x000001857ce22490
RSI=0x00000032f56ff8d8 is pointing into the stack for thread: 0x000001857ce22490
RDI=0x0 is NULL
R8 =0x00000032f43ffac0 is pointing into the stack for thread: 0x0000018571da4550
R9 =0x0000018554e68b00 points into unknown readable memory: 0x00000032f56ff8d8 | d8 f8 6f f5 32 00 00 00
R10=0x0000018554e68b00 points into unknown readable memory: 0x00000032f56ff8d8 | d8 f8 6f f5 32 00 00 00
R11={method} {0x0000018501dc4af0} 'visitBlock' '(Lcom/sun/tools/javac/tree/JCTree$JCBlock;)V' in 'com/sun/tools/javac/tree/TreeScanner'
R12=0x00000032f56ff968 is pointing into the stack for thread: 0x000001857ce22490
R13=0x0000018571d83310 points into unknown readable memory: 0x00007ff82664ad08 | 08 ad 64 26 f8 7f 00 00
R14=